  Determining projects to restore...
  All projects are up-to-date for restore.
  Detected signing identity:
    Code Signing Key: "" (-)
    Provisioning Profile: "" () - no entitlements
    Bundle Id: com.companyname.jornal
    App Id: com.companyname.jornal
/Users/pradeepbaral/Documents/AD/Journal/Journal/Components/Pages/Home.razor(452,5): error RZ9981: Unexpected closing tag 'div' with no matching start tag. [/Users/pradeepbaral/Documents/AD/Journal/Journal/Journal.csproj::TargetFramework=net9.0-maccatalyst]
/Users/pradeepbaral/Documents/AD/Journal/Journal/Components/Pages/Home.razor(597,1): error RZ9981: Unexpected closing tag 'div' with no matching start tag. [/Users/pradeepbaral/Documents/AD/Journal/Journal/Journal.csproj::TargetFramework=net9.0-maccatalyst]
/Users/pradeepbaral/Documents/AD/Journal/Journal/Components/Pages/Home.razor(600,39): error CS0102: The type 'Home' already contains a definition for 'allEntries' [/Users/pradeepbaral/Documents/AD/Journal/Journal/Journal.csproj::TargetFramework=net9.0-maccatalyst]
/Users/pradeepbaral/Documents/AD/Journal/Journal/Components/Pages/Home.razor(601,39): error CS0102: The type 'Home' already contains a definition for 'displayedEntries' [/Users/pradeepbaral/Documents/AD/Journal/Journal/Journal.csproj::TargetFramework=net9.0-maccatalyst]
/Users/pradeepbaral/Documents/AD/Journal/Journal/Components/Pages/Home.razor(602,18): error CS0102: The type 'Home' already contains a definition for 'isLoading' [/Users/pradeepbaral/Documents/AD/Journal/Journal/Journal.csproj::TargetFramework=net9.0-maccatalyst]
/Users/pradeepbaral/Documents/AD/Journal/Journal/Components/Pages/Home.razor(603,20): error CS0102: The type 'Home' already contains a definition for 'searchTerm' [/Users/pradeepbaral/Documents/AD/Journal/Journal/Journal.csproj::TargetFramework=net9.0-maccatalyst]
/Users/pradeepbaral/Documents/AD/Journal/Journal/Components/Pages/Home.razor(604,21): error CS0102: The type 'Home' already contains a definition for 'selectedMood' [/Users/pradeepbaral/Documents/AD/Journal/Journal/Journal.csproj::TargetFramework=net9.0-maccatalyst]
/Users/pradeepbaral/Documents/AD/Journal/Journal/Components/Pages/Home.razor(605,17): error CS0102: The type 'Home' already contains a definition for 'totalEntries' [/Users/pradeepbaral/Documents/AD/Journal/Journal/Journal.csproj::TargetFramework=net9.0-maccatalyst]
/Users/pradeepbaral/Documents/AD/Journal/Journal/Components/Pages/Home.razor(606,17): error CS0102: The type 'Home' already contains a definition for 'currentStreak' [/Users/pradeepbaral/Documents/AD/Journal/Journal/Journal.csproj::TargetFramework=net9.0-maccatalyst]
/Users/pradeepbaral/Documents/AD/Journal/Journal/Components/Pages/Home.razor(607,17): error CS0102: The type 'Home' already contains a definition for 'thisMonthEntries' [/Users/pradeepbaral/Documents/AD/Journal/Journal/Journal.csproj::TargetFramework=net9.0-maccatalyst]
/Users/pradeepbaral/Documents/AD/Journal/Journal/Components/Pages/Home.razor(608,20): error CS0102: The type 'Home' already contains a definition for 'Greeting' [/Users/pradeepbaral/Documents/AD/Journal/Journal/Journal.csproj::TargetFramework=net9.0-maccatalyst]
/Users/pradeepbaral/Documents/AD/Journal/Journal/Components/Pages/Home.razor(609,26): error CS0102: The type 'Home' already contains a definition for 'analytics' [/Users/pradeepbaral/Documents/AD/Journal/Journal/Journal.csproj::TargetFramework=net9.0-maccatalyst]
/Users/pradeepbaral/Documents/AD/Journal/Journal/Components/Pages/Home.razor(610,23): error CS0102: The type 'Home' already contains a definition for 'startDate' [/Users/pradeepbaral/Documents/AD/Journal/Journal/Journal.csproj::TargetFramework=net9.0-maccatalyst]
/Users/pradeepbaral/Documents/AD/Journal/Journal/Components/Pages/Home.razor(611,23): error CS0102: The type 'Home' already contains a definition for 'endDate' [/Users/pradeepbaral/Documents/AD/Journal/Journal/Journal.csproj::TargetFramework=net9.0-maccatalyst]
/Users/pradeepbaral/Documents/AD/Journal/Journal/Components/Pages/Home.razor(612,18): error CS0102: The type 'Home' already contains a definition for 'showAnalytics' [/Users/pradeepbaral/Documents/AD/Journal/Journal/Journal.csproj::TargetFramework=net9.0-maccatalyst]
/Users/pradeepbaral/Documents/AD/Journal/Journal/Components/Pages/Home.razor(613,18): error CS0102: The type 'Home' already contains a definition for 'hasEntryToday' [/Users/pradeepbaral/Documents/AD/Journal/Journal/Journal.csproj::TargetFramework=net9.0-maccatalyst]
/Users/pradeepbaral/Documents/AD/Journal/Journal/Components/Pages/Home.razor(615,35): error CS0111: Type 'Home' already defines a member called 'OnInitializedAsync' with the same parameter types [/Users/pradeepbaral/Documents/AD/Journal/Journal/Journal.csproj::TargetFramework=net9.0-maccatalyst]
/Users/pradeepbaral/Documents/AD/Journal/Journal/Components/Pages/Home.razor(622,20): error CS0111: Type 'Home' already defines a member called 'GetGreeting' with the same parameter types [/Users/pradeepbaral/Documents/AD/Journal/Journal/Journal.csproj::TargetFramework=net9.0-maccatalyst]
/Users/pradeepbaral/Documents/AD/Journal/Journal/Components/Pages/Home.razor(631,24): error CS0111: Type 'Home' already defines a member called 'LoadAnalytics' with the same parameter types [/Users/pradeepbaral/Documents/AD/Journal/Journal/Journal.csproj::TargetFramework=net9.0-maccatalyst]
/Users/pradeepbaral/Documents/AD/Journal/Journal/Components/Pages/Home.razor(641,24): error CS0111: Type 'Home' already defines a member called 'RenderCharts' with the same parameter types [/Users/pradeepbaral/Documents/AD/Journal/Journal/Journal.csproj::TargetFramework=net9.0-maccatalyst]
/Users/pradeepbaral/Documents/AD/Journal/Journal/Components/Pages/Home.razor(673,24): error CS0111: Type 'Home' already defines a member called 'ToggleAnalytics' with the same parameter types [/Users/pradeepbaral/Documents/AD/Journal/Journal/Journal.csproj::TargetFramework=net9.0-maccatalyst]
/Users/pradeepbaral/Documents/AD/Journal/Journal/Components/Pages/Home.razor(747,24): error CS0111: Type 'Home' already defines a member called 'LoadData' with the same parameter types [/Users/pradeepbaral/Documents/AD/Journal/Journal/Journal.csproj::TargetFramework=net9.0-maccatalyst]
/Users/pradeepbaral/Documents/AD/Journal/Journal/Components/Pages/Home.razor(809,24): error CS0111: Type 'Home' already defines a member called 'ApplyFilters' with the same parameter types [/Users/pradeepbaral/Documents/AD/Journal/Journal/Journal.csproj::TargetFramework=net9.0-maccatalyst]
/Users/pradeepbaral/Documents/AD/Journal/Journal/Components/Pages/Home.razor(803,24): error CS0111: Type 'Home' already defines a member called 'FilterByMood' with the same parameter types [/Users/pradeepbaral/Documents/AD/Journal/Journal/Journal.csproj::TargetFramework=net9.0-maccatalyst]
/Users/pradeepbaral/Documents/AD/Journal/Journal/Components/Pages/Home.razor(840,18): error CS0111: Type 'Home' already defines a member called 'NavigateToNewEntry' with the same parameter types [/Users/pradeepbaral/Documents/AD/Journal/Journal/Journal.csproj::TargetFramework=net9.0-maccatalyst]
/Users/pradeepbaral/Documents/AD/Journal/Journal/Components/Pages/Home.razor(845,18): error CS0111: Type 'Home' already defines a member called 'NavigateToTodaysEntry' with the same parameter types [/Users/pradeepbaral/Documents/AD/Journal/Journal/Journal.csproj::TargetFramework=net9.0-maccatalyst]
/Users/pradeepbaral/Documents/AD/Journal/Journal/Components/Pages/Home.razor(854,18): error CS0111: Type 'Home' already defines a member called 'ViewEntry' with the same parameter types [/Users/pradeepbaral/Documents/AD/Journal/Journal/Journal.csproj::TargetFramework=net9.0-maccatalyst]
/Users/pradeepbaral/Documents/AD/Journal/Journal/Components/Pages/Home.razor(878,20): error CS0111: Type 'Home' already defines a member called 'FormatDate' with the same parameter types [/Users/pradeepbaral/Documents/AD/Journal/Journal/Journal.csproj::TargetFramework=net9.0-maccatalyst]
/Users/pradeepbaral/Documents/AD/Journal/Journal/Components/Pages/Home.razor(887,20): error CS0111: Type 'Home' already defines a member called 'GetPreview' with the same parameter types [/Users/pradeepbaral/Documents/AD/Journal/Journal/Journal.csproj::TargetFramework=net9.0-maccatalyst]
/Users/pradeepbaral/Documents/AD/Journal/Journal/Components/Pages/Home.razor(900,20): error CS0111: Type 'Home' already defines a member called 'GetMoodEmoji' with the same parameter types [/Users/pradeepbaral/Documents/AD/Journal/Journal/Journal.csproj::TargetFramework=net9.0-maccatalyst]
/Users/pradeepbaral/Documents/AD/Journal/Journal/Components/Pages/Home.razor(913,17): error CS0111: Type 'Home' already defines a member called 'GetMoodCount' with the same parameter types [/Users/pradeepbaral/Documents/AD/Journal/Journal/Journal.csproj::TargetFramework=net9.0-maccatalyst]

Build FAILED.

/Users/pradeepbaral/Documents/AD/Journal/Journal/Components/Pages/Home.razor(452,5): error RZ9981: Unexpected closing tag 'div' with no matching start tag. [/Users/pradeepbaral/Documents/AD/Journal/Journal/Journal.csproj::TargetFramework=net9.0-maccatalyst]
/Users/pradeepbaral/Documents/AD/Journal/Journal/Components/Pages/Home.razor(597,1): error RZ9981: Unexpected closing tag 'div' with no matching start tag. [/Users/pradeepbaral/Documents/AD/Journal/Journal/Journal.csproj::TargetFramework=net9.0-maccatalyst]
/Users/pradeepbaral/Documents/AD/Journal/Journal/Components/Pages/Home.razor(600,39): error CS0102: The type 'Home' already contains a definition for 'allEntries' [/Users/pradeepbaral/Documents/AD/Journal/Journal/Journal.csproj::TargetFramework=net9.0-maccatalyst]
/Users/pradeepbaral/Documents/AD/Journal/Journal/Components/Pages/Home.razor(601,39): error CS0102: The type 'Home' already contains a definition for 'displayedEntries' [/Users/pradeepbaral/Documents/AD/Journal/Journal/Journal.csproj::TargetFramework=net9.0-maccatalyst]
/Users/pradeepbaral/Documents/AD/Journal/Journal/Components/Pages/Home.razor(602,18): error CS0102: The type 'Home' already contains a definition for 'isLoading' [/Users/pradeepbaral/Documents/AD/Journal/Journal/Journal.csproj::TargetFramework=net9.0-maccatalyst]
/Users/pradeepbaral/Documents/AD/Journal/Journal/Components/Pages/Home.razor(603,20): error CS0102: The type 'Home' already contains a definition for 'searchTerm' [/Users/pradeepbaral/Documents/AD/Journal/Journal/Journal.csproj::TargetFramework=net9.0-maccatalyst]
/Users/pradeepbaral/Documents/AD/Journal/Journal/Components/Pages/Home.razor(604,21): error CS0102: The type 'Home' already contains a definition for 'selectedMood' [/Users/pradeepbaral/Documents/AD/Journal/Journal/Journal.csproj::TargetFramework=net9.0-maccatalyst]
/Users/pradeepbaral/Documents/AD/Journal/Journal/Components/Pages/Home.razor(605,17): error CS0102: The type 'Home' already contains a definition for 'totalEntries' [/Users/pradeepbaral/Documents/AD/Journal/Journal/Journal.csproj::TargetFramework=net9.0-maccatalyst]
/Users/pradeepbaral/Documents/AD/Journal/Journal/Components/Pages/Home.razor(606,17): error CS0102: The type 'Home' already contains a definition for 'currentStreak' [/Users/pradeepbaral/Documents/AD/Journal/Journal/Journal.csproj::TargetFramework=net9.0-maccatalyst]
/Users/pradeepbaral/Documents/AD/Journal/Journal/Components/Pages/Home.razor(607,17): error CS0102: The type 'Home' already contains a definition for 'thisMonthEntries' [/Users/pradeepbaral/Documents/AD/Journal/Journal/Journal.csproj::TargetFramework=net9.0-maccatalyst]
/Users/pradeepbaral/Documents/AD/Journal/Journal/Components/Pages/Home.razor(608,20): error CS0102: The type 'Home' already contains a definition for 'Greeting' [/Users/pradeepbaral/Documents/AD/Journal/Journal/Journal.csproj::TargetFramework=net9.0-maccatalyst]
/Users/pradeepbaral/Documents/AD/Journal/Journal/Components/Pages/Home.razor(609,26): error CS0102: The type 'Home' already contains a definition for 'analytics' [/Users/pradeepbaral/Documents/AD/Journal/Journal/Journal.csproj::TargetFramework=net9.0-maccatalyst]
/Users/pradeepbaral/Documents/AD/Journal/Journal/Components/Pages/Home.razor(610,23): error CS0102: The type 'Home' already contains a definition for 'startDate' [/Users/pradeepbaral/Documents/AD/Journal/Journal/Journal.csproj::TargetFramework=net9.0-maccatalyst]
/Users/pradeepbaral/Documents/AD/Journal/Journal/Components/Pages/Home.razor(611,23): error CS0102: The type 'Home' already contains a definition for 'endDate' [/Users/pradeepbaral/Documents/AD/Journal/Journal/Journal.csproj::TargetFramework=net9.0-maccatalyst]
/Users/pradeepbaral/Documents/AD/Journal/Journal/Components/Pages/Home.razor(612,18): error CS0102: The type 'Home' already contains a definition for 'showAnalytics' [/Users/pradeepbaral/Documents/AD/Journal/Journal/Journal.csproj::TargetFramework=net9.0-maccatalyst]
/Users/pradeepbaral/Documents/AD/Journal/Journal/Components/Pages/Home.razor(613,18): error CS0102: The type 'Home' already contains a definition for 'hasEntryToday' [/Users/pradeepbaral/Documents/AD/Journal/Journal/Journal.csproj::TargetFramework=net9.0-maccatalyst]
/Users/pradeepbaral/Documents/AD/Journal/Journal/Components/Pages/Home.razor(615,35): error CS0111: Type 'Home' already defines a member called 'OnInitializedAsync' with the same parameter types [/Users/pradeepbaral/Documents/AD/Journal/Journal/Journal.csproj::TargetFramework=net9.0-maccatalyst]
/Users/pradeepbaral/Documents/AD/Journal/Journal/Components/Pages/Home.razor(622,20): error CS0111: Type 'Home' already defines a member called 'GetGreeting' with the same parameter types [/Users/pradeepbaral/Documents/AD/Journal/Journal/Journal.csproj::TargetFramework=net9.0-maccatalyst]
/Users/pradeepbaral/Documents/AD/Journal/Journal/Components/Pages/Home.razor(631,24): error CS0111: Type 'Home' already defines a member called 'LoadAnalytics' with the same parameter types [/Users/pradeepbaral/Documents/AD/Journal/Journal/Journal.csproj::TargetFramework=net9.0-maccatalyst]
/Users/pradeepbaral/Documents/AD/Journal/Journal/Components/Pages/Home.razor(641,24): error CS0111: Type 'Home' already defines a member called 'RenderCharts' with the same parameter types [/Users/pradeepbaral/Documents/AD/Journal/Journal/Journal.csproj::TargetFramework=net9.0-maccatalyst]
/Users/pradeepbaral/Documents/AD/Journal/Journal/Components/Pages/Home.razor(673,24): error CS0111: Type 'Home' already defines a member called 'ToggleAnalytics' with the same parameter types [/Users/pradeepbaral/Documents/AD/Journal/Journal/Journal.csproj::TargetFramework=net9.0-maccatalyst]
/Users/pradeepbaral/Documents/AD/Journal/Journal/Components/Pages/Home.razor(747,24): error CS0111: Type 'Home' already defines a member called 'LoadData' with the same parameter types [/Users/pradeepbaral/Documents/AD/Journal/Journal/Journal.csproj::TargetFramework=net9.0-maccatalyst]
/Users/pradeepbaral/Documents/AD/Journal/Journal/Components/Pages/Home.razor(809,24): error CS0111: Type 'Home' already defines a member called 'ApplyFilters' with the same parameter types [/Users/pradeepbaral/Documents/AD/Journal/Journal/Journal.csproj::TargetFramework=net9.0-maccatalyst]
/Users/pradeepbaral/Documents/AD/Journal/Journal/Components/Pages/Home.razor(803,24): error CS0111: Type 'Home' already defines a member called 'FilterByMood' with the same parameter types [/Users/pradeepbaral/Documents/AD/Journal/Journal/Journal.csproj::TargetFramework=net9.0-maccatalyst]
/Users/pradeepbaral/Documents/AD/Journal/Journal/Components/Pages/Home.razor(840,18): error CS0111: Type 'Home' already defines a member called 'NavigateToNewEntry' with the same parameter types [/Users/pradeepbaral/Documents/AD/Journal/Journal/Journal.csproj::TargetFramework=net9.0-maccatalyst]
/Users/pradeepbaral/Documents/AD/Journal/Journal/Components/Pages/Home.razor(845,18): error CS0111: Type 'Home' already defines a member called 'NavigateToTodaysEntry' with the same parameter types [/Users/pradeepbaral/Documents/AD/Journal/Journal/Journal.csproj::TargetFramework=net9.0-maccatalyst]
/Users/pradeepbaral/Documents/AD/Journal/Journal/Components/Pages/Home.razor(854,18): error CS0111: Type 'Home' already defines a member called 'ViewEntry' with the same parameter types [/Users/pradeepbaral/Documents/AD/Journal/Journal/Journal.csproj::TargetFramework=net9.0-maccatalyst]
/Users/pradeepbaral/Documents/AD/Journal/Journal/Components/Pages/Home.razor(878,20): error CS0111: Type 'Home' already defines a member called 'FormatDate' with the same parameter types [/Users/pradeepbaral/Documents/AD/Journal/Journal/Journal.csproj::TargetFramework=net9.0-maccatalyst]
/Users/pradeepbaral/Documents/AD/Journal/Journal/Components/Pages/Home.razor(887,20): error CS0111: Type 'Home' already defines a member called 'GetPreview' with the same parameter types [/Users/pradeepbaral/Documents/AD/Journal/Journal/Journal.csproj::TargetFramework=net9.0-maccatalyst]
/Users/pradeepbaral/Documents/AD/Journal/Journal/Components/Pages/Home.razor(900,20): error CS0111: Type 'Home' already defines a member called 'GetMoodEmoji' with the same parameter types [/Users/pradeepbaral/Documents/AD/Journal/Journal/Journal.csproj::TargetFramework=net9.0-maccatalyst]
/Users/pradeepbaral/Documents/AD/Journal/Journal/Components/Pages/Home.razor(913,17): error CS0111: Type 'Home' already defines a member called 'GetMoodCount' with the same parameter types [/Users/pradeepbaral/Documents/AD/Journal/Journal/Journal.csproj::TargetFramework=net9.0-maccatalyst]
    0 Warning(s)
    31 Error(s)

Time Elapsed 00:00:00.71
